<?xml version="1.0" encoding="UTF-8"?>
<!-- Generated by org.testng.reporters.JUnitReportReporter -->
<testsuite hostname="US1256097W1" failures="0" tests="1" name="tests.Expedia" time="46.552" errors="0" timestamp="2020-03-02T15:28:45 EST" skipped="0">
  <testcase classname="tests.Expedia" name="hotelReservation" time="46.552"/>
</testsuite> <!-- tests.Expedia -->
