<?xml version="1.0" encoding="UTF-8"?>
<!-- Generated by org.testng.reporters.JUnitReportReporter -->
<testsuite hostname="US1256097W1" failures="0" tests="1" name="tests.LoginFactory" time="14.379" errors="0" timestamp="2020-03-03T15:47:10 EST" skipped="0">
  <testcase classname="tests.LoginFactory" name="LoginTestPageFactory" time="14.379"/>
</testsuite> <!-- tests.LoginFactory -->
