<?xml version="1.0" encoding="UTF-8"?>
<!-- Generated by org.testng.reporters.JUnitReportReporter -->
<testsuite hostname="US1256097W1" failures="0" tests="4" name="tests.LoginDDT" time="25.755" errors="0" timestamp="2020-03-02T11:47:39 EST" skipped="0">
  <testcase classname="tests.LoginDDT" name="loginTest" time="5.617"/>
  <testcase classname="tests.LoginDDT" name="loginTest" time="5.784"/>
  <testcase classname="tests.LoginDDT" name="loginTest" time="5.478"/>
  <testcase classname="tests.LoginDDT" name="loginTest" time="8.876"/>
</testsuite> <!-- tests.LoginDDT -->
