<?xml version="1.0" encoding="UTF-8"?>
<!-- Generated by org.testng.reporters.JUnitReportReporter -->
<testsuite hostname="US1256097W1" failures="0" tests="1" name="tests.Expedia" time="46.001" errors="0" timestamp="2020-03-03T12:28:13 EST" skipped="0">
  <testcase classname="tests.Expedia" name="hotelReservation" time="46.001"/>
</testsuite> <!-- tests.Expedia -->
