<?xml version="1.0" encoding="UTF-8"?>
<!-- Generated by org.testng.reporters.JUnitReportReporter -->
<testsuite hostname="US1256097W1" failures="0" tests="1" name="smoketests.ATagsTest" time="5.270" errors="0" timestamp="2020-02-27T16:02:13 EST" skipped="0">
  <testcase classname="smoketests.ATagsTest" name="aTagsLinksTest" time="5.270"/>
</testsuite> <!-- smoketests.ATagsTest -->
